[INFO ] 2018-09-03 13:36:39 [main:468:org.springframework.boot.test.context.SpringBootTestContextBootstrapper:308] - Neither @ContextConfiguration nor @ContextHierarchy found for test class [com.example.wdfgatewayservice.WdfGatewayServiceApplicationTests], using SpringBootContextLoader
[INFO ] 2018-09-03 13:36:39 [main:479:org.springframework.test.context.support.AbstractContextLoader:264] - Could not detect default resource locations for test class [com.example.wdfgatewayservice.WdfGatewayServiceApplicationTests]: no resource found for suffixes {-context.xml, Context.groovy}.
[INFO ] 2018-09-03 13:36:39 [main:481:org.springframework.test.context.support.AnnotationConfigContextLoaderUtils:83] - Could not detect default configuration classes for test class [com.example.wdfgatewayservice.WdfGatewayServiceApplicationTests]: WdfGatewayServiceApplicationTests does not declare any static, non-private, non-final, nested classes annotated with @Configuration.
[INFO ] 2018-09-03 13:36:39 [main:729:org.springframework.boot.test.context.SpringBootTestContextBootstrapper:247] - Found @SpringBootConfiguration com.example.wdfgatewayservice.WdfGatewayServiceApplication for test class com.example.wdfgatewayservice.WdfGatewayServiceApplicationTests
[INFO ] 2018-09-03 13:36:40 [main:970:org.springframework.boot.test.context.SpringBootTestContextBootstrapper:248] - Loaded default TestExecutionListener class names from location [META-INF/spring.factories]: [org.springframework.boot.test.mock.mockito.MockitoTestExecutionListener, org.springframework.boot.test.mock.mockito.ResetMocksTestExecutionListener, org.springframework.boot.test.autoconfigure.restdocs.RestDocsTestExecutionListener, org.springframework.boot.test.autoconfigure.web.client.MockRestServiceServerResetTestExecutionListener, org.springframework.boot.test.autoconfigure.web.servlet.MockMvcPrintOnlyOnFailureTestExecutionListener, org.springframework.boot.test.autoconfigure.web.servlet.WebDriverTestExecutionListener, org.springframework.test.context.web.ServletTestExecutionListener, org.springframework.test.context.support.DirtiesContextBeforeModesTestExecutionListener, org.springframework.test.context.support.DependencyInjectionTestExecutionListener, org.springframework.test.context.support.DirtiesContextTestExecutionListener, org.springframework.test.context.transaction.TransactionalTestExecutionListener, org.springframework.test.context.jdbc.SqlScriptsTestExecutionListener]
[INFO ] 2018-09-03 13:36:40 [main:985:org.springframework.boot.test.context.SpringBootTestContextBootstrapper:177] - Using TestExecutionListeners: [org.springframework.test.context.web.ServletTestExecutionListener@6caf0677, org.springframework.test.context.support.DirtiesContextBeforeModesTestExecutionListener@413d1baf, org.springframework.boot.test.mock.mockito.MockitoTestExecutionListener@16eb3ea3, org.springframework.boot.test.autoconfigure.SpringBootDependencyInjectionTestExecutionListener@273444fe, org.springframework.test.context.support.DirtiesContextTestExecutionListener@33bc72d1, org.springframework.boot.test.mock.mockito.ResetMocksTestExecutionListener@1a75e76a, org.springframework.boot.test.autoconfigure.restdocs.RestDocsTestExecutionListener@5524cca1, org.springframework.boot.test.autoconfigure.web.client.MockRestServiceServerResetTestExecutionListener@5032714f, org.springframework.boot.test.autoconfigure.web.servlet.MockMvcPrintOnlyOnFailureTestExecutionListener@48bb62, org.springframework.boot.test.autoconfigure.web.servlet.WebDriverTestExecutionListener@353352b6]
[INFO ] 2018-09-03 13:36:41 [main:2677:org.springframework.context.annotation.AnnotationConfigApplicationContext:590] - Refreshing org.springframework.context.annotation.AnnotationConfigApplicationContext@3d246ea3: startup date [Mon Sep 03 13:36:41 CST 2018]; root of context hierarchy
[INFO ] 2018-09-03 13:36:42 [main:3101:org.springframework.beans.factory.annotation.AutowiredAnnotationBeanPostProcessor:153] - JSR-330 'javax.inject.Inject' annotation found and supported for autowiring
[INFO ] 2018-09-03 13:36:42 [main:3166:org.springframework.context.support.PostProcessorRegistrationDelegate$BeanPostProcessorChecker:326] - Bean 'configurationPropertiesRebinderAutoConfiguration' of type [org.springframework.cloud.autoconfigure.ConfigurationPropertiesRebinderAutoConfiguration$$EnhancerBySpringCGLIB$$fb9ac264] is not eligible for getting processed by all BeanPostProcessors (for example: not eligible for auto-proxying)
[INFO ] 2018-09-03 13:36:43 [main:4457:com.example.wdfgatewayservice.WdfGatewayServiceApplicationTests:662] - No active profile set, falling back to default profiles: default
[INFO ] 2018-09-03 13:36:43 [main:4471:org.springframework.web.context.support.GenericWebApplicationContext:590] - Refreshing org.springframework.web.context.support.GenericWebApplicationContext@5fcacc0: startup date [Mon Sep 03 13:36:43 CST 2018]; parent: org.springframework.context.annotation.AnnotationConfigApplicationContext@3d246ea3
[INFO ] 2018-09-03 13:36:44 [main:5611:org.springframework.cloud.context.scope.GenericScope:294] - BeanFactory id=2d6a3205-be24-3228-99a8-75478960e884
[INFO ] 2018-09-03 13:36:44 [main:5700:org.springframework.beans.factory.annotation.AutowiredAnnotationBeanPostProcessor:153] - JSR-330 'javax.inject.Inject' annotation found and supported for autowiring
[INFO ] 2018-09-03 13:36:45 [main:5854:org.springframework.context.support.PostProcessorRegistrationDelegate$BeanPostProcessorChecker:326] - Bean 'org.springframework.cloud.autoconfigure.ConfigurationPropertiesRebinderAutoConfiguration' of type [org.springframework.cloud.autoconfigure.ConfigurationPropertiesRebinderAutoConfiguration$$EnhancerBySpringCGLIB$$fb9ac264] is not eligible for getting processed by all BeanPostProcessors (for example: not eligible for auto-proxying)
[INFO ] 2018-09-03 13:36:45 [main:6000:org.springframework.scheduling.concurrent.ThreadPoolTaskExecutor:171] - Initializing ExecutorService  'mvcAsyncExecutor'
[INFO ] 2018-09-03 13:36:45 [main:6468:com.netflix.config.sources.URLConfigurationSource:122] - To enable URLs as dynamic configuration sources, define System property archaius.configurationSource.additionalUrls or make config.properties available on classpath.
[INFO ] 2018-09-03 13:36:45 [main:6481:com.netflix.config.sources.URLConfigurationSource:122] - To enable URLs as dynamic configuration sources, define System property archaius.configurationSource.additionalUrls or make config.properties available on classpath.
[INFO ] 2018-09-03 13:36:45 [main:6686:org.springframework.web.servlet.handler.SimpleUrlHandlerMapping:373] - Mapped URL path [/**/favicon.ico] onto handler of type [class org.springframework.web.servlet.resource.ResourceHttpRequestHandler]
[INFO ] 2018-09-03 13:36:46 [main:7184:org.springframework.web.servlet.mvc.method.annotation.RequestMappingHandlerAdapter:574] - Looking for @ControllerAdvice: org.springframework.web.context.support.GenericWebApplicationContext@5fcacc0: startup date [Mon Sep 03 13:36:43 CST 2018]; parent: org.springframework.context.annotation.AnnotationConfigApplicationContext@3d246ea3
[INFO ] 2018-09-03 13:36:46 [main:7294:org.springframework.web.servlet.mvc.method.annotation.RequestMappingHandlerMapping:547] - Mapped "{[/test/shakehands],methods=[POST]}" onto public java.lang.String com.example.wdfgatewayservice.controller.TestController.handleShakeHandsJson(java.lang.String)
[INFO ] 2018-09-03 13:36:46 [main:7296:org.springframework.web.servlet.mvc.method.annotation.RequestMappingHandlerMapping:547] - Mapped "{[/test/dumprecord],methods=[POST]}" onto public java.lang.String com.example.wdfgatewayservice.controller.TestController.handleDumpRecordJson(java.lang.String)
[INFO ] 2018-09-03 13:36:46 [main:7297:org.springframework.web.servlet.mvc.method.annotation.RequestMappingHandlerMapping:547] - Mapped "{[/test/cardnum],methods=[GET]}" onto public java.lang.String com.example.wdfgatewayservice.controller.TestController.handleCardNumJson(java.lang.String)
[INFO ] 2018-09-03 13:36:46 [main:7298:org.springframework.web.servlet.mvc.method.annotation.RequestMappingHandlerMapping:547] - Mapped "{[/test/shakehands],methods=[GET]}" onto public java.lang.String com.example.wdfgatewayservice.controller.TestController.handleShakeHands(java.lang.String)
[INFO ] 2018-09-03 13:36:46 [main:7300:org.springframework.web.servlet.mvc.method.annotation.RequestMappingHandlerMapping:547] - Mapped "{[/test/hello]}" onto public java.lang.String com.example.wdfgatewayservice.controller.TestController.hello(java.lang.String)
[INFO ] 2018-09-03 13:36:46 [main:7300:org.springframework.web.servlet.mvc.method.annotation.RequestMappingHandlerMapping:547] - Mapped "{[/test/kafka]}" onto public java.lang.String com.example.wdfgatewayservice.controller.TestController.handleKafka(javax.servlet.http.HttpServletRequest,javax.servlet.http.HttpServletResponse)
[INFO ] 2018-09-03 13:36:46 [main:7301:org.springframework.web.servlet.mvc.method.annotation.RequestMappingHandlerMapping:547] - Mapped "{[/test/shakehand]}" onto public java.lang.String com.example.wdfgatewayservice.controller.TestController.shakehand(javax.servlet.http.HttpServletRequest,javax.servlet.http.HttpServletResponse,java.lang.String)
[INFO ] 2018-09-03 13:36:46 [main:7309:org.springframework.web.servlet.mvc.method.annotation.RequestMappingHandlerMapping:547] - Mapped "{[/wdf/shake],methods=[POST]}" onto public void com.example.wdfgatewayservice.controller.WonderfulController.shake(javax.servlet.http.HttpServletRequest,javax.servlet.http.HttpServletResponse)
[INFO ] 2018-09-03 13:36:46 [main:7310:org.springframework.web.servlet.mvc.method.annotation.RequestMappingHandlerMapping:547] - Mapped "{[/wdf/shakev0],methods=[POST]}" onto public org.springframework.http.ResponseEntity<byte[]> com.example.wdfgatewayservice.controller.WonderfulController.shakev0(byte[])
[INFO ] 2018-09-03 13:36:46 [main:7311:org.springframework.web.servlet.mvc.method.annotation.RequestMappingHandlerMapping:547] - Mapped "{[/wdf/shakev1],methods=[POST]}" onto public org.springframework.http.ResponseEntity<org.springframework.web.servlet.mvc.method.annotation.StreamingResponseBody> com.example.wdfgatewayservice.controller.WonderfulController.shakev1(byte[])
[INFO ] 2018-09-03 13:36:46 [main:7312:org.springframework.web.servlet.mvc.method.annotation.RequestMappingHandlerMapping:547] - Mapped "{[/wdf/shakev2],methods=[POST]}" onto public org.springframework.web.context.request.async.DeferredResult<org.springframework.http.ResponseEntity<byte[]>> com.example.wdfgatewayservice.controller.WonderfulController.shakev2(byte[])
[INFO ] 2018-09-03 13:36:46 [main:7313:org.springframework.web.servlet.mvc.method.annotation.RequestMappingHandlerMapping:547] - Mapped "{[/wdf/dump],methods=[POST]}" onto public void com.example.wdfgatewayservice.controller.WonderfulController.dumpRecord(javax.servlet.http.HttpServletRequest,javax.servlet.http.HttpServletResponse)
[INFO ] 2018-09-03 13:36:46 [main:7313:org.springframework.web.servlet.mvc.method.annotation.RequestMappingHandlerMapping:547] - Mapped "{[/wdf/dumpv0],methods=[POST]}" onto public org.springframework.http.ResponseEntity<byte[]> com.example.wdfgatewayservice.controller.WonderfulController.dumpv0(byte[])
[INFO ] 2018-09-03 13:36:46 [main:7314:org.springframework.web.servlet.mvc.method.annotation.RequestMappingHandlerMapping:547] - Mapped "{[/wdf/dumpv1],methods=[POST]}" onto public org.springframework.http.ResponseEntity<org.springframework.web.servlet.mvc.method.annotation.StreamingResponseBody> com.example.wdfgatewayservice.controller.WonderfulController.dumpv1(byte[])
[INFO ] 2018-09-03 13:36:46 [main:7315:org.springframework.web.servlet.mvc.method.annotation.RequestMappingHandlerMapping:547] - Mapped "{[/wdf/card],methods=[POST]}" onto public void com.example.wdfgatewayservice.controller.WonderfulController.validateCardNum(javax.servlet.http.HttpServletRequest,javax.servlet.http.HttpServletResponse)
[INFO ] 2018-09-03 13:36:46 [main:7317:org.springframework.web.servlet.mvc.method.annotation.RequestMappingHandlerMapping:547] - Mapped "{[/wdf/cardv0],methods=[POST]}" onto public org.springframework.http.ResponseEntity<byte[]> com.example.wdfgatewayservice.controller.WonderfulController.cardv0(byte[])
[INFO ] 2018-09-03 13:36:46 [main:7318:org.springframework.web.servlet.mvc.method.annotation.RequestMappingHandlerMapping:547] - Mapped "{[/wdf/cardv1],methods=[POST]}" onto public org.springframework.http.ResponseEntity<org.springframework.web.servlet.mvc.method.annotation.StreamingResponseBody> com.example.wdfgatewayservice.controller.WonderfulController.cardv1(byte[])
[INFO ] 2018-09-03 13:36:46 [main:7322:org.springframework.web.servlet.mvc.method.annotation.RequestMappingHandlerMapping:547] - Mapped "{[/error]}" onto public org.springframework.http.ResponseEntity<java.util.Map<java.lang.String, java.lang.Object>> org.springframework.boot.autoconfigure.web.servlet.error.BasicErrorController.error(javax.servlet.http.HttpServletRequest)
[INFO ] 2018-09-03 13:36:46 [main:7324:org.springframework.web.servlet.mvc.method.annotation.RequestMappingHandlerMapping:547] - Mapped "{[/error],produces=[text/html]}" onto public org.springframework.web.servlet.ModelAndView org.springframework.boot.autoconfigure.web.servlet.error.BasicErrorController.errorHtml(javax.servlet.http.HttpServletRequest,javax.servlet.http.HttpServletResponse)
[INFO ] 2018-09-03 13:36:46 [main:7383:org.springframework.web.servlet.handler.SimpleUrlHandlerMapping:373] - Mapped URL path [/webjars/**] onto handler of type [class org.springframework.web.servlet.resource.ResourceHttpRequestHandler]
[INFO ] 2018-09-03 13:36:46 [main:7384:org.springframework.web.servlet.handler.SimpleUrlHandlerMapping:373] - Mapped URL path [/**] onto handler of type [class org.springframework.web.servlet.resource.ResourceHttpRequestHandler]
[INFO ] 2018-09-03 13:36:49 [main:10640:org.springframework.context.support.DefaultLifecycleProcessor:351] - Starting beans in phase 0
[INFO ] 2018-09-03 13:36:49 [main:10657:com.example.wdfgatewayservice.WdfGatewayServiceApplicationTests:59] - Started WdfGatewayServiceApplicationTests in 9.609 seconds (JVM running for 11.236)
[INFO ] 2018-09-03 13:36:49 [Thread-5:10851:org.springframework.web.context.support.GenericWebApplicationContext:993] - Closing org.springframework.web.context.support.GenericWebApplicationContext@5fcacc0: startup date [Mon Sep 03 13:36:43 CST 2018]; parent: org.springframework.context.annotation.AnnotationConfigApplicationContext@3d246ea3
[INFO ] 2018-09-03 13:36:50 [Thread-5:10865:org.springframework.cloud.netflix.eureka.InstanceInfoFactory:71] - Setting initial instance status as: STARTING
[INFO ] 2018-09-03 13:36:50 [Thread-5:10873:org.springframework.cloud.netflix.eureka.serviceregistry.EurekaServiceRegistry:65] - Unregistering application service-wdf-gateway with eureka with status DOWN
[INFO ] 2018-09-03 13:36:50 [Thread-5:10876:org.springframework.context.support.DefaultLifecycleProcessor:366] - Stopping beans in phase 0
[INFO ] 2018-09-03 13:36:50 [Thread-5:10954:com.netflix.discovery.DiscoveryClient:349] - Initializing Eureka in region us-east-1
[INFO ] 2018-09-03 13:36:50 [Thread-5:11260:com.netflix.discovery.provider.DiscoveryJerseyProvider:70] - Using JSON encoding codec LegacyJacksonJson
[INFO ] 2018-09-03 13:36:50 [Thread-5:11261:com.netflix.discovery.provider.DiscoveryJerseyProvider:71] - Using JSON decoding codec LegacyJacksonJson
[INFO ] 2018-09-03 13:36:50 [Thread-5:11485:com.netflix.discovery.provider.DiscoveryJerseyProvider:80] - Using XML encoding codec XStreamXml
[INFO ] 2018-09-03 13:36:50 [Thread-5:11486:com.netflix.discovery.provider.DiscoveryJerseyProvider:81] - Using XML decoding codec XStreamXml
[INFO ] 2018-09-03 13:36:50 [Thread-5:11790:com.netflix.discovery.shared.resolver.aws.ConfigClusterResolver:43] - Resolving eureka endpoints via configuration
[INFO ] 2018-09-03 13:36:51 [Thread-5:12253:com.netflix.discovery.DiscoveryClient:958] - Disable delta property : false
[INFO ] 2018-09-03 13:36:51 [Thread-5:12253:com.netflix.discovery.DiscoveryClient:959] - Single vip registry refresh property : null
[INFO ] 2018-09-03 13:36:51 [Thread-5:12253:com.netflix.discovery.DiscoveryClient:960] - Force full registry fetch : false
[INFO ] 2018-09-03 13:36:51 [Thread-5:12254:com.netflix.discovery.DiscoveryClient:961] - Application is null : false
[INFO ] 2018-09-03 13:36:51 [Thread-5:12254:com.netflix.discovery.DiscoveryClient:962] - Registered Applications size is zero : true
[INFO ] 2018-09-03 13:36:51 [Thread-5:12255:com.netflix.discovery.DiscoveryClient:964] - Application version is -1: true
[INFO ] 2018-09-03 13:36:51 [Thread-5:12256:com.netflix.discovery.DiscoveryClient:1047] - Getting all instance registry info from the eureka server
[INFO ] 2018-09-03 13:36:51 [Thread-5:12648:com.netflix.discovery.DiscoveryClient:1056] - The response status is 200
[INFO ] 2018-09-03 13:36:51 [Thread-5:12652:com.netflix.discovery.DiscoveryClient:1264] - Starting heartbeat executor: renew interval is: 30
[INFO ] 2018-09-03 13:36:51 [Thread-5:12656:com.netflix.discovery.InstanceInfoReplicator:60] - InstanceInfoReplicator onDemand update allowed rate per min is 4
[INFO ] 2018-09-03 13:36:51 [Thread-5:12660:com.netflix.discovery.DiscoveryClient:449] - Discovery Client initialized at timestamp 1535953011807 with initial instances count: 1
[INFO ] 2018-09-03 13:36:51 [Thread-5:12668:com.netflix.discovery.DiscoveryClient:888] - Shutting down DiscoveryClient ...
[INFO ] 2018-09-03 13:36:54 [Thread-5:15671:com.netflix.discovery.DiscoveryClient:922] - Unregistering ...
[INFO ] 2018-09-03 13:36:56 [Thread-5:17484:com.netflix.discovery.DiscoveryClient:924] - DiscoveryClient_SERVICE-WDF-GATEWAY/john-PC:service-wdf-gateway:-1 - deregister  status: 404
[INFO ] 2018-09-03 13:36:56 [Thread-5:17503:com.netflix.discovery.DiscoveryClient:911] - Completed shut down of DiscoveryClient
[INFO ] 2018-09-03 13:36:56 [Thread-5:17507:org.springframework.scheduling.concurrent.ThreadPoolTaskExecutor:208] - Shutting down ExecutorService 'mvcAsyncExecutor'
